15:55:30.962 [restartedMain] INFO  c.r.RuoYiApplication - [logStarting,55] - Starting RuoYiApplication using Java 1.8.0_181 on PC-201905242354 with PID 22328 (D:\Java\Project\jgckServer\ruoyi-admin\target\classes started by Administrator in D:\Java\Project\jgckServer)
15:55:30.965 [background-preinit] INFO  o.h.v.i.util.Version - [<clinit>,21] - HV000001: Hibernate Validator 6.2.3.Final
15:55:30.965 [restartedMain] INFO  c.r.RuoYiApplication - [logStartupProfileInfo,686] - The following 1 profile is active: "dev"
15:55:33.855 [restartedMain] INFO  c.u.j.c.EnableEncryptablePropertiesBeanFactoryPostProcessor - [postProcessBeanFactory,40] - Post-processing PropertySource instances
15:55:33.857 [restartedMain] INFO  c.u.j.EncryptablePropertySourceConverter - [makeEncryptable,76] - Skipping PropertySource configurationProperties [class org.springframework.boot.context.properties.source.ConfigurationPropertySourcesPropertySource
15:55:33.859 [restartedMain] INFO  c.u.j.EncryptablePropertySourceConverter - [makeEncryptable,76] - Skipping PropertySource servletConfigInitParams [class org.springframework.core.env.PropertySource$StubPropertySource
15:55:33.859 [restartedMain] INFO  c.u.j.EncryptablePropertySourceConverter - [makeEncryptable,76] - Skipping PropertySource servletContextInitParams [class org.springframework.core.env.PropertySource$StubPropertySource
15:55:33.861 [restartedMain] INFO  c.u.j.EncryptablePropertySourceConverter - [makeEncryptable,81] - Converting PropertySource systemProperties [org.springframework.core.env.PropertiesPropertySource] to EncryptableMapPropertySourceWrapper
15:55:33.861 [restartedMain] INFO  c.u.j.EncryptablePropertySourceConverter - [makeEncryptable,81] - Converting PropertySource systemEnvironment [org.springframework.boot.env.SystemEnvironmentPropertySourceEnvironmentPostProcessor$OriginAwareSystemEnvironmentPropertySource] to EncryptableSystemEnvironmentPropertySourceWrapper
15:55:33.862 [restartedMain] INFO  c.u.j.EncryptablePropertySourceConverter - [makeEncryptable,81] - Converting PropertySource random [org.springframework.boot.env.RandomValuePropertySource] to EncryptablePropertySourceWrapper
15:55:33.862 [restartedMain] INFO  c.u.j.EncryptablePropertySourceConverter - [makeEncryptable,81] - Converting PropertySource Config resource 'class path resource [application-dev.yml]' via location 'optional:classpath:/' [org.springframework.boot.env.OriginTrackedMapPropertySource] to EncryptableMapPropertySourceWrapper
15:55:33.862 [restartedMain] INFO  c.u.j.EncryptablePropertySourceConverter - [makeEncryptable,81] - Converting PropertySource Config resource 'class path resource [application.yml]' via location 'optional:classpath:/' [org.springframework.boot.env.OriginTrackedMapPropertySource] to EncryptableMapPropertySourceWrapper
15:55:33.862 [restartedMain] INFO  c.u.j.EncryptablePropertySourceConverter - [makeEncryptable,81] - Converting PropertySource devtools [org.springframework.core.env.MapPropertySource] to EncryptableMapPropertySourceWrapper
15:55:33.862 [restartedMain] INFO  c.u.j.EncryptablePropertySourceConverter - [makeEncryptable,81] - Converting PropertySource class path resource [generator.yml] [org.springframework.core.io.support.ResourcePropertySource] to EncryptableMapPropertySourceWrapper
15:55:34.525 [restartedMain] INFO  c.u.j.f.DefaultLazyPropertyFilter - [lambda$new$2,31] - Property Filter custom Bean not found with name 'encryptablePropertyFilter'. Initializing Default Property Filter
15:55:34.535 [restartedMain] INFO  c.u.j.r.DefaultLazyPropertyResolver - [lambda$new$2,35] - Property Resolver custom Bean not found with name 'encryptablePropertyResolver'. Initializing Default Property Resolver
15:55:34.537 [restartedMain] INFO  c.u.j.d.DefaultLazyPropertyDetector - [lambda$new$2,35] - Property Detector custom Bean not found with name 'encryptablePropertyDetector'. Initializing Default Property Detector
15:55:35.307 [restartedMain] INFO  o.a.c.c.AprLifecycleListener - [log,173] - An older version [1.2.24] of the Apache Tomcat Native library is installed, while Tomcat recommends a minimum version of [1.2.30]
15:55:35.307 [restartedMain] INFO  o.a.c.c.AprLifecycleListener - [log,173] - Loaded Apache Tomcat Native library [1.2.24] using APR version [1.7.0].
15:55:35.308 [restartedMain] INFO  o.a.c.c.AprLifecycleListener - [log,173] - APR capabilities: IPv6 [true], sendfile [true], accept filters [false], random [true], UDS [false].
15:55:35.308 [restartedMain] INFO  o.a.c.c.AprLifecycleListener - [log,173] - APR/OpenSSL configuration: useAprConnector [false], useOpenSSL [true]
15:55:35.312 [restartedMain] INFO  o.a.c.c.AprLifecycleListener - [log,173] - OpenSSL successfully initialized [OpenSSL 1.1.1g  21 Apr 2020]
15:55:35.329 [restartedMain] INFO  o.a.c.h.Http11NioProtocol - [log,173] - Initializing ProtocolHandler ["http-nio-39001"]
15:55:35.330 [restartedMain] INFO  o.a.c.c.StandardService - [log,173] - Starting service [Tomcat]
15:55:35.330 [restartedMain] INFO  o.a.c.c.StandardEngine - [log,173] - Starting Servlet engine: [Apache Tomcat/9.0.63]
15:55:35.492 [restartedMain] INFO  o.a.c.c.C.[.[.[/] - [log,173] - Initializing Spring embedded WebApplicationContext
15:55:36.606 [restartedMain] INFO  c.u.j.e.DefaultLazyEncryptor - [lambda$new$2,37] - String Encryptor custom Bean not found with name 'jasyptStringEncryptor'. Initializing Default String Encryptor
15:55:36.617 [restartedMain] INFO  c.u.j.c.StringEncryptorBuilder - [get,102] - Encryptor config not found for property jasypt.encryptor.key-obtention-iterations, using default value: 1000
15:55:36.618 [restartedMain] INFO  c.u.j.c.StringEncryptorBuilder - [get,102] - Encryptor config not found for property jasypt.encryptor.pool-size, using default value: 1
15:55:36.618 [restartedMain] INFO  c.u.j.c.StringEncryptorBuilder - [get,102] - Encryptor config not found for property jasypt.encryptor.provider-name, using default value: null
15:55:36.619 [restartedMain] INFO  c.u.j.c.StringEncryptorBuilder - [get,102] - Encryptor config not found for property jasypt.encryptor.provider-class-name, using default value: null
15:55:36.619 [restartedMain] INFO  c.u.j.c.StringEncryptorBuilder - [get,102] - Encryptor config not found for property jasypt.encryptor.salt-generator-classname, using default value: org.jasypt.salt.RandomSaltGenerator
15:55:36.624 [restartedMain] INFO  c.u.j.c.StringEncryptorBuilder - [get,102] - Encryptor config not found for property jasypt.encryptor.string-output-type, using default value: base64
15:55:45.046 [restartedMain] INFO  c.a.d.p.DruidDataSource - [init,972] - {dataSource-1} inited
15:55:51.094 [restartedMain] INFO  o.q.i.StdSchedulerFactory - [instantiate,1220] - Using default implementation for ThreadExecutor
15:55:51.110 [restartedMain] INFO  o.q.c.SchedulerSignalerImpl - [<init>,61] - Initialized Scheduler Signaller of type: class org.quartz.core.SchedulerSignalerImpl
15:55:51.111 [restartedMain] INFO  o.q.c.QuartzScheduler - [<init>,229] - Quartz Scheduler v.2.3.2 created.
15:55:51.112 [restartedMain] INFO  o.q.s.RAMJobStore - [initialize,155] - RAMJobStore initialized.
15:55:51.113 [restartedMain] INFO  o.q.c.QuartzScheduler - [initialize,294] - Scheduler meta-data: Quartz Scheduler (v2.3.2) 'quartzScheduler' with instanceId 'NON_CLUSTERED'
  Scheduler class: 'org.quartz.core.QuartzScheduler' - running locally.
  NOT STARTED.
  Currently in standby mode.
  Number of jobs executed: 0
  Using thread pool 'org.quartz.simpl.SimpleThreadPool' - with 10 threads.
  Using job-store 'org.quartz.simpl.RAMJobStore' - which does not support persistence. and is not clustered.

15:55:51.113 [restartedMain] INFO  o.q.i.StdSchedulerFactory - [instantiate,1374] - Quartz scheduler 'quartzScheduler' initialized from an externally provided properties instance.
15:55:51.114 [restartedMain] INFO  o.q.i.StdSchedulerFactory - [instantiate,1378] - Quartz scheduler version: 2.3.2
15:55:51.114 [restartedMain] INFO  o.q.c.QuartzScheduler - [setJobFactory,2293] - JobFactory set to: org.springframework.scheduling.quartz.SpringBeanJobFactory@59aa3913
15:55:54.757 [restartedMain] INFO  o.a.c.h.Http11NioProtocol - [log,173] - Starting ProtocolHandler ["http-nio-39001"]
15:55:54.780 [restartedMain] INFO  c.u.j.c.RefreshScopeRefreshedEventListener - [onApplicationEvent,47] - Refreshing cached encryptable property sources on ServletWebServerInitializedEvent
15:55:54.781 [restartedMain] INFO  c.u.j.c.CachingDelegateEncryptablePropertySource - [refresh,55] - Property Source systemProperties refreshed
15:55:54.781 [restartedMain] INFO  c.u.j.c.CachingDelegateEncryptablePropertySource - [refresh,55] - Property Source systemEnvironment refreshed
15:55:54.781 [restartedMain] INFO  c.u.j.c.CachingDelegateEncryptablePropertySource - [refresh,55] - Property Source random refreshed
15:55:54.782 [restartedMain] INFO  c.u.j.c.CachingDelegateEncryptablePropertySource - [refresh,55] - Property Source Config resource 'class path resource [application-dev.yml]' via location 'optional:classpath:/' refreshed
15:55:54.782 [restartedMain] INFO  c.u.j.c.CachingDelegateEncryptablePropertySource - [refresh,55] - Property Source Config resource 'class path resource [application.yml]' via location 'optional:classpath:/' refreshed
15:55:54.782 [restartedMain] INFO  c.u.j.c.CachingDelegateEncryptablePropertySource - [refresh,55] - Property Source devtools refreshed
15:55:54.782 [restartedMain] INFO  c.u.j.c.CachingDelegateEncryptablePropertySource - [refresh,55] - Property Source class path resource [generator.yml] refreshed
15:55:54.782 [restartedMain] INFO  c.u.j.EncryptablePropertySourceConverter - [makeEncryptable,81] - Converting PropertySource server.ports [org.springframework.core.env.MapPropertySource] to EncryptableMapPropertySourceWrapper
15:55:54.782 [restartedMain] INFO  c.u.j.EncryptablePropertySourceConverter - [makeEncryptable,76] - Skipping PropertySource configurationProperties [class org.springframework.boot.context.properties.source.ConfigurationPropertySourcesPropertySource
15:55:54.782 [restartedMain] INFO  c.u.j.EncryptablePropertySourceConverter - [makeEncryptable,76] - Skipping PropertySource servletConfigInitParams [class org.springframework.core.env.PropertySource$StubPropertySource
15:55:54.783 [restartedMain] INFO  c.u.j.EncryptablePropertySourceConverter - [makeEncryptable,81] - Converting PropertySource servletContextInitParams [org.springframework.web.context.support.ServletContextPropertySource] to EncryptableEnumerablePropertySourceWrapper
15:55:55.849 [restartedMain] INFO  o.q.c.QuartzScheduler - [start,547] - Scheduler quartzScheduler_$_NON_CLUSTERED started.
15:55:55.863 [restartedMain] INFO  c.r.RuoYiApplication - [logStarted,61] - Started RuoYiApplication in 25.404 seconds (JVM running for 28.177)
15:58:30.771 [restartedMain] INFO  c.r.RuoYiApplication - [logStarting,55] - Starting RuoYiApplication using Java 1.8.0_181 on PC-201905242354 with PID 892 (D:\Java\Project\jgckServer\ruoyi-admin\target\classes started by Administrator in D:\Java\Project\jgckServer)
15:58:30.780 [restartedMain] INFO  c.r.RuoYiApplication - [logStartupProfileInfo,686] - The following 1 profile is active: "dev"
15:58:30.784 [background-preinit] INFO  o.h.v.i.util.Version - [<clinit>,21] - HV000001: Hibernate Validator 6.2.3.Final
15:59:10.958 [restartedMain] INFO  c.r.RuoYiApplication - [logStarting,55] - Starting RuoYiApplication using Java 1.8.0_181 on PC-201905242354 with PID 20464 (D:\Java\Project\jgckServer\ruoyi-admin\target\classes started by Administrator in D:\Java\Project\jgckServer)
15:59:10.956 [background-preinit] INFO  o.h.v.i.util.Version - [<clinit>,21] - HV000001: Hibernate Validator 6.2.3.Final
15:59:10.959 [restartedMain] INFO  c.r.RuoYiApplication - [logStartupProfileInfo,686] - The following 1 profile is active: "dev"
15:59:14.158 [restartedMain] INFO  c.u.j.c.EnableEncryptablePropertiesBeanFactoryPostProcessor - [postProcessBeanFactory,40] - Post-processing PropertySource instances
15:59:14.159 [restartedMain] INFO  c.u.j.EncryptablePropertySourceConverter - [makeEncryptable,76] - Skipping PropertySource configurationProperties [class org.springframework.boot.context.properties.source.ConfigurationPropertySourcesPropertySource
15:59:14.162 [restartedMain] INFO  c.u.j.EncryptablePropertySourceConverter - [makeEncryptable,76] - Skipping PropertySource servletConfigInitParams [class org.springframework.core.env.PropertySource$StubPropertySource
15:59:14.162 [restartedMain] INFO  c.u.j.EncryptablePropertySourceConverter - [makeEncryptable,76] - Skipping PropertySource servletContextInitParams [class org.springframework.core.env.PropertySource$StubPropertySource
15:59:14.164 [restartedMain] INFO  c.u.j.EncryptablePropertySourceConverter - [makeEncryptable,81] - Converting PropertySource systemProperties [org.springframework.core.env.PropertiesPropertySource] to EncryptableMapPropertySourceWrapper
15:59:14.165 [restartedMain] INFO  c.u.j.EncryptablePropertySourceConverter - [makeEncryptable,81] - Converting PropertySource systemEnvironment [org.springframework.boot.env.SystemEnvironmentPropertySourceEnvironmentPostProcessor$OriginAwareSystemEnvironmentPropertySource] to EncryptableSystemEnvironmentPropertySourceWrapper
15:59:14.166 [restartedMain] INFO  c.u.j.EncryptablePropertySourceConverter - [makeEncryptable,81] - Converting PropertySource random [org.springframework.boot.env.RandomValuePropertySource] to EncryptablePropertySourceWrapper
15:59:14.166 [restartedMain] INFO  c.u.j.EncryptablePropertySourceConverter - [makeEncryptable,81] - Converting PropertySource Config resource 'class path resource [application-dev.yml]' via location 'optional:classpath:/' [org.springframework.boot.env.OriginTrackedMapPropertySource] to EncryptableMapPropertySourceWrapper
15:59:14.166 [restartedMain] INFO  c.u.j.EncryptablePropertySourceConverter - [makeEncryptable,81] - Converting PropertySource Config resource 'class path resource [application.yml]' via location 'optional:classpath:/' [org.springframework.boot.env.OriginTrackedMapPropertySource] to EncryptableMapPropertySourceWrapper
15:59:14.166 [restartedMain] INFO  c.u.j.EncryptablePropertySourceConverter - [makeEncryptable,81] - Converting PropertySource devtools [org.springframework.core.env.MapPropertySource] to EncryptableMapPropertySourceWrapper
15:59:14.166 [restartedMain] INFO  c.u.j.EncryptablePropertySourceConverter - [makeEncryptable,81] - Converting PropertySource class path resource [generator.yml] [org.springframework.core.io.support.ResourcePropertySource] to EncryptableMapPropertySourceWrapper
15:59:14.894 [restartedMain] INFO  c.u.j.f.DefaultLazyPropertyFilter - [lambda$new$2,31] - Property Filter custom Bean not found with name 'encryptablePropertyFilter'. Initializing Default Property Filter
15:59:14.920 [restartedMain] INFO  c.u.j.r.DefaultLazyPropertyResolver - [lambda$new$2,35] - Property Resolver custom Bean not found with name 'encryptablePropertyResolver'. Initializing Default Property Resolver
15:59:14.923 [restartedMain] INFO  c.u.j.d.DefaultLazyPropertyDetector - [lambda$new$2,35] - Property Detector custom Bean not found with name 'encryptablePropertyDetector'. Initializing Default Property Detector
15:59:15.810 [restartedMain] INFO  o.a.c.c.AprLifecycleListener - [log,173] - An older version [1.2.24] of the Apache Tomcat Native library is installed, while Tomcat recommends a minimum version of [1.2.30]
15:59:15.810 [restartedMain] INFO  o.a.c.c.AprLifecycleListener - [log,173] - Loaded Apache Tomcat Native library [1.2.24] using APR version [1.7.0].
15:59:15.811 [restartedMain] INFO  o.a.c.c.AprLifecycleListener - [log,173] - APR capabilities: IPv6 [true], sendfile [true], accept filters [false], random [true], UDS [false].
15:59:15.811 [restartedMain] INFO  o.a.c.c.AprLifecycleListener - [log,173] - APR/OpenSSL configuration: useAprConnector [false], useOpenSSL [true]
15:59:15.825 [restartedMain] INFO  o.a.c.c.AprLifecycleListener - [log,173] - OpenSSL successfully initialized [OpenSSL 1.1.1g  21 Apr 2020]
15:59:15.840 [restartedMain] INFO  o.a.c.h.Http11NioProtocol - [log,173] - Initializing ProtocolHandler ["http-nio-39001"]
15:59:15.841 [restartedMain] INFO  o.a.c.c.StandardService - [log,173] - Starting service [Tomcat]
15:59:15.841 [restartedMain] INFO  o.a.c.c.StandardEngine - [log,173] - Starting Servlet engine: [Apache Tomcat/9.0.63]
15:59:16.040 [restartedMain] INFO  o.a.c.c.C.[.[.[/] - [log,173] - Initializing Spring embedded WebApplicationContext
15:59:17.325 [restartedMain] INFO  c.u.j.e.DefaultLazyEncryptor - [lambda$new$2,37] - String Encryptor custom Bean not found with name 'jasyptStringEncryptor'. Initializing Default String Encryptor
15:59:17.355 [restartedMain] INFO  c.u.j.c.StringEncryptorBuilder - [get,102] - Encryptor config not found for property jasypt.encryptor.key-obtention-iterations, using default value: 1000
15:59:17.356 [restartedMain] INFO  c.u.j.c.StringEncryptorBuilder - [get,102] - Encryptor config not found for property jasypt.encryptor.pool-size, using default value: 1
15:59:17.356 [restartedMain] INFO  c.u.j.c.StringEncryptorBuilder - [get,102] - Encryptor config not found for property jasypt.encryptor.provider-name, using default value: null
15:59:17.357 [restartedMain] INFO  c.u.j.c.StringEncryptorBuilder - [get,102] - Encryptor config not found for property jasypt.encryptor.provider-class-name, using default value: null
15:59:17.358 [restartedMain] INFO  c.u.j.c.StringEncryptorBuilder - [get,102] - Encryptor config not found for property jasypt.encryptor.salt-generator-classname, using default value: org.jasypt.salt.RandomSaltGenerator
15:59:17.363 [restartedMain] INFO  c.u.j.c.StringEncryptorBuilder - [get,102] - Encryptor config not found for property jasypt.encryptor.string-output-type, using default value: base64
15:59:24.621 [restartedMain] INFO  c.a.d.p.DruidDataSource - [init,972] - {dataSource-1} inited
15:59:29.851 [restartedMain] INFO  o.q.i.StdSchedulerFactory - [instantiate,1220] - Using default implementation for ThreadExecutor
15:59:29.868 [restartedMain] INFO  o.q.c.SchedulerSignalerImpl - [<init>,61] - Initialized Scheduler Signaller of type: class org.quartz.core.SchedulerSignalerImpl
15:59:29.868 [restartedMain] INFO  o.q.c.QuartzScheduler - [<init>,229] - Quartz Scheduler v.2.3.2 created.
15:59:29.870 [restartedMain] INFO  o.q.s.RAMJobStore - [initialize,155] - RAMJobStore initialized.
15:59:29.871 [restartedMain] INFO  o.q.c.QuartzScheduler - [initialize,294] - Scheduler meta-data: Quartz Scheduler (v2.3.2) 'quartzScheduler' with instanceId 'NON_CLUSTERED'
  Scheduler class: 'org.quartz.core.QuartzScheduler' - running locally.
  NOT STARTED.
  Currently in standby mode.
  Number of jobs executed: 0
  Using thread pool 'org.quartz.simpl.SimpleThreadPool' - with 10 threads.
  Using job-store 'org.quartz.simpl.RAMJobStore' - which does not support persistence. and is not clustered.

15:59:29.871 [restartedMain] INFO  o.q.i.StdSchedulerFactory - [instantiate,1374] - Quartz scheduler 'quartzScheduler' initialized from an externally provided properties instance.
15:59:29.871 [restartedMain] INFO  o.q.i.StdSchedulerFactory - [instantiate,1378] - Quartz scheduler version: 2.3.2
15:59:29.871 [restartedMain] INFO  o.q.c.QuartzScheduler - [setJobFactory,2293] - JobFactory set to: org.springframework.scheduling.quartz.SpringBeanJobFactory@3e7014d0
15:59:33.392 [restartedMain] INFO  o.a.c.h.Http11NioProtocol - [log,173] - Starting ProtocolHandler ["http-nio-39001"]
15:59:33.421 [restartedMain] INFO  c.u.j.c.RefreshScopeRefreshedEventListener - [onApplicationEvent,47] - Refreshing cached encryptable property sources on ServletWebServerInitializedEvent
15:59:33.422 [restartedMain] INFO  c.u.j.c.CachingDelegateEncryptablePropertySource - [refresh,55] - Property Source systemProperties refreshed
15:59:33.422 [restartedMain] INFO  c.u.j.c.CachingDelegateEncryptablePropertySource - [refresh,55] - Property Source systemEnvironment refreshed
15:59:33.422 [restartedMain] INFO  c.u.j.c.CachingDelegateEncryptablePropertySource - [refresh,55] - Property Source random refreshed
15:59:33.422 [restartedMain] INFO  c.u.j.c.CachingDelegateEncryptablePropertySource - [refresh,55] - Property Source Config resource 'class path resource [application-dev.yml]' via location 'optional:classpath:/' refreshed
15:59:33.422 [restartedMain] INFO  c.u.j.c.CachingDelegateEncryptablePropertySource - [refresh,55] - Property Source Config resource 'class path resource [application.yml]' via location 'optional:classpath:/' refreshed
15:59:33.423 [restartedMain] INFO  c.u.j.c.CachingDelegateEncryptablePropertySource - [refresh,55] - Property Source devtools refreshed
15:59:33.423 [restartedMain] INFO  c.u.j.c.CachingDelegateEncryptablePropertySource - [refresh,55] - Property Source class path resource [generator.yml] refreshed
15:59:33.423 [restartedMain] INFO  c.u.j.EncryptablePropertySourceConverter - [makeEncryptable,81] - Converting PropertySource server.ports [org.springframework.core.env.MapPropertySource] to EncryptableMapPropertySourceWrapper
15:59:33.423 [restartedMain] INFO  c.u.j.EncryptablePropertySourceConverter - [makeEncryptable,76] - Skipping PropertySource configurationProperties [class org.springframework.boot.context.properties.source.ConfigurationPropertySourcesPropertySource
15:59:33.423 [restartedMain] INFO  c.u.j.EncryptablePropertySourceConverter - [makeEncryptable,76] - Skipping PropertySource servletConfigInitParams [class org.springframework.core.env.PropertySource$StubPropertySource
15:59:33.424 [restartedMain] INFO  c.u.j.EncryptablePropertySourceConverter - [makeEncryptable,81] - Converting PropertySource servletContextInitParams [org.springframework.web.context.support.ServletContextPropertySource] to EncryptableEnumerablePropertySourceWrapper
15:59:34.609 [restartedMain] INFO  o.q.c.QuartzScheduler - [start,547] - Scheduler quartzScheduler_$_NON_CLUSTERED started.
15:59:34.622 [restartedMain] INFO  c.r.RuoYiApplication - [logStarted,61] - Started RuoYiApplication in 24.459 seconds (JVM running for 27.972)
16:00:18.674 [SpringApplicationShutdownHook] INFO  o.q.c.QuartzScheduler - [standby,585] - Scheduler quartzScheduler_$_NON_CLUSTERED paused.
16:01:30.298 [restartedMain] INFO  c.r.RuoYiApplication - [logStarting,55] - Starting RuoYiApplication using Java 1.8.0_181 on PC-201905242354 with PID 19524 (D:\Java\Project\jgckServer\ruoyi-admin\target\classes started by Administrator in D:\Java\Project\jgckServer)
16:01:30.298 [background-preinit] INFO  o.h.v.i.util.Version - [<clinit>,21] - HV000001: Hibernate Validator 6.2.3.Final
16:01:30.309 [restartedMain] INFO  c.r.RuoYiApplication - [logStartupProfileInfo,686] - The following 1 profile is active: "dev"
16:01:36.725 [restartedMain] INFO  c.u.j.c.EnableEncryptablePropertiesBeanFactoryPostProcessor - [postProcessBeanFactory,40] - Post-processing PropertySource instances
16:01:36.727 [restartedMain] INFO  c.u.j.EncryptablePropertySourceConverter - [makeEncryptable,76] - Skipping PropertySource configurationProperties [class org.springframework.boot.context.properties.source.ConfigurationPropertySourcesPropertySource
16:01:36.729 [restartedMain] INFO  c.u.j.EncryptablePropertySourceConverter - [makeEncryptable,76] - Skipping PropertySource servletConfigInitParams [class org.springframework.core.env.PropertySource$StubPropertySource
16:01:36.731 [restartedMain] INFO  c.u.j.EncryptablePropertySourceConverter - [makeEncryptable,76] - Skipping PropertySource servletContextInitParams [class org.springframework.core.env.PropertySource$StubPropertySource
16:01:36.733 [restartedMain] INFO  c.u.j.EncryptablePropertySourceConverter - [makeEncryptable,81] - Converting PropertySource systemProperties [org.springframework.core.env.PropertiesPropertySource] to EncryptableMapPropertySourceWrapper
16:01:36.734 [restartedMain] INFO  c.u.j.EncryptablePropertySourceConverter - [makeEncryptable,81] - Converting PropertySource systemEnvironment [org.springframework.boot.env.SystemEnvironmentPropertySourceEnvironmentPostProcessor$OriginAwareSystemEnvironmentPropertySource] to EncryptableSystemEnvironmentPropertySourceWrapper
16:01:36.738 [restartedMain] INFO  c.u.j.EncryptablePropertySourceConverter - [makeEncryptable,81] - Converting PropertySource random [org.springframework.boot.env.RandomValuePropertySource] to EncryptablePropertySourceWrapper
16:01:36.739 [restartedMain] INFO  c.u.j.EncryptablePropertySourceConverter - [makeEncryptable,81] - Converting PropertySource Config resource 'class path resource [application-dev.yml]' via location 'optional:classpath:/' [org.springframework.boot.env.OriginTrackedMapPropertySource] to EncryptableMapPropertySourceWrapper
16:01:36.740 [restartedMain] INFO  c.u.j.EncryptablePropertySourceConverter - [makeEncryptable,81] - Converting PropertySource Config resource 'class path resource [application.yml]' via location 'optional:classpath:/' [org.springframework.boot.env.OriginTrackedMapPropertySource] to EncryptableMapPropertySourceWrapper
16:01:36.740 [restartedMain] INFO  c.u.j.EncryptablePropertySourceConverter - [makeEncryptable,81] - Converting PropertySource devtools [org.springframework.core.env.MapPropertySource] to EncryptableMapPropertySourceWrapper
16:01:36.741 [restartedMain] INFO  c.u.j.EncryptablePropertySourceConverter - [makeEncryptable,81] - Converting PropertySource class path resource [generator.yml] [org.springframework.core.io.support.ResourcePropertySource] to EncryptableMapPropertySourceWrapper
16:01:37.860 [restartedMain] INFO  c.u.j.f.DefaultLazyPropertyFilter - [lambda$new$2,31] - Property Filter custom Bean not found with name 'encryptablePropertyFilter'. Initializing Default Property Filter
16:01:37.900 [restartedMain] INFO  c.u.j.r.DefaultLazyPropertyResolver - [lambda$new$2,35] - Property Resolver custom Bean not found with name 'encryptablePropertyResolver'. Initializing Default Property Resolver
16:01:37.911 [restartedMain] INFO  c.u.j.d.DefaultLazyPropertyDetector - [lambda$new$2,35] - Property Detector custom Bean not found with name 'encryptablePropertyDetector'. Initializing Default Property Detector
16:01:39.044 [restartedMain] INFO  o.a.c.c.AprLifecycleListener - [log,173] - An older version [1.2.24] of the Apache Tomcat Native library is installed, while Tomcat recommends a minimum version of [1.2.30]
16:01:39.045 [restartedMain] INFO  o.a.c.c.AprLifecycleListener - [log,173] - Loaded Apache Tomcat Native library [1.2.24] using APR version [1.7.0].
16:01:39.045 [restartedMain] INFO  o.a.c.c.AprLifecycleListener - [log,173] - APR capabilities: IPv6 [true], sendfile [true], accept filters [false], random [true], UDS [false].
16:01:39.045 [restartedMain] INFO  o.a.c.c.AprLifecycleListener - [log,173] - APR/OpenSSL configuration: useAprConnector [false], useOpenSSL [true]
16:01:39.049 [restartedMain] INFO  o.a.c.c.AprLifecycleListener - [log,173] - OpenSSL successfully initialized [OpenSSL 1.1.1g  21 Apr 2020]
16:01:39.066 [restartedMain] INFO  o.a.c.h.Http11NioProtocol - [log,173] - Initializing ProtocolHandler ["http-nio-39001"]
16:01:39.067 [restartedMain] INFO  o.a.c.c.StandardService - [log,173] - Starting service [Tomcat]
16:01:39.069 [restartedMain] INFO  o.a.c.c.StandardEngine - [log,173] - Starting Servlet engine: [Apache Tomcat/9.0.63]
16:01:39.279 [restartedMain] INFO  o.a.c.c.C.[.[.[/] - [log,173] - Initializing Spring embedded WebApplicationContext
16:01:42.830 [restartedMain] INFO  c.u.j.e.DefaultLazyEncryptor - [lambda$new$2,37] - String Encryptor custom Bean not found with name 'jasyptStringEncryptor'. Initializing Default String Encryptor
16:01:42.859 [restartedMain] INFO  c.u.j.c.StringEncryptorBuilder - [get,102] - Encryptor config not found for property jasypt.encryptor.key-obtention-iterations, using default value: 1000
16:01:42.862 [restartedMain] INFO  c.u.j.c.StringEncryptorBuilder - [get,102] - Encryptor config not found for property jasypt.encryptor.pool-size, using default value: 1
16:01:42.864 [restartedMain] INFO  c.u.j.c.StringEncryptorBuilder - [get,102] - Encryptor config not found for property jasypt.encryptor.provider-name, using default value: null
16:01:42.865 [restartedMain] INFO  c.u.j.c.StringEncryptorBuilder - [get,102] - Encryptor config not found for property jasypt.encryptor.provider-class-name, using default value: null
16:01:42.874 [restartedMain] INFO  c.u.j.c.StringEncryptorBuilder - [get,102] - Encryptor config not found for property jasypt.encryptor.salt-generator-classname, using default value: org.jasypt.salt.RandomSaltGenerator
16:01:42.881 [restartedMain] INFO  c.u.j.c.StringEncryptorBuilder - [get,102] - Encryptor config not found for property jasypt.encryptor.string-output-type, using default value: base64
16:01:55.080 [restartedMain] INFO  c.a.d.p.DruidDataSource - [init,972] - {dataSource-1} inited
16:02:04.339 [restartedMain] INFO  o.q.i.StdSchedulerFactory - [instantiate,1220] - Using default implementation for ThreadExecutor
16:02:04.369 [restartedMain] INFO  o.q.c.SchedulerSignalerImpl - [<init>,61] - Initialized Scheduler Signaller of type: class org.quartz.core.SchedulerSignalerImpl
16:02:04.370 [restartedMain] INFO  o.q.c.QuartzScheduler - [<init>,229] - Quartz Scheduler v.2.3.2 created.
16:02:04.371 [restartedMain] INFO  o.q.s.RAMJobStore - [initialize,155] - RAMJobStore initialized.
16:02:04.373 [restartedMain] INFO  o.q.c.QuartzScheduler - [initialize,294] - Scheduler meta-data: Quartz Scheduler (v2.3.2) 'quartzScheduler' with instanceId 'NON_CLUSTERED'
  Scheduler class: 'org.quartz.core.QuartzScheduler' - running locally.
  NOT STARTED.
  Currently in standby mode.
  Number of jobs executed: 0
  Using thread pool 'org.quartz.simpl.SimpleThreadPool' - with 10 threads.
  Using job-store 'org.quartz.simpl.RAMJobStore' - which does not support persistence. and is not clustered.

16:02:04.373 [restartedMain] INFO  o.q.i.StdSchedulerFactory - [instantiate,1374] - Quartz scheduler 'quartzScheduler' initialized from an externally provided properties instance.
16:02:04.373 [restartedMain] INFO  o.q.i.StdSchedulerFactory - [instantiate,1378] - Quartz scheduler version: 2.3.2
16:02:04.374 [restartedMain] INFO  o.q.c.QuartzScheduler - [setJobFactory,2293] - JobFactory set to: org.springframework.scheduling.quartz.SpringBeanJobFactory@d5c31ac
16:02:11.030 [restartedMain] INFO  o.a.c.h.Http11NioProtocol - [log,173] - Starting ProtocolHandler ["http-nio-39001"]
16:02:11.068 [restartedMain] INFO  c.u.j.c.RefreshScopeRefreshedEventListener - [onApplicationEvent,47] - Refreshing cached encryptable property sources on ServletWebServerInitializedEvent
16:02:11.070 [restartedMain] INFO  c.u.j.c.CachingDelegateEncryptablePropertySource - [refresh,55] - Property Source systemProperties refreshed
16:02:11.070 [restartedMain] INFO  c.u.j.c.CachingDelegateEncryptablePropertySource - [refresh,55] - Property Source systemEnvironment refreshed
16:02:11.070 [restartedMain] INFO  c.u.j.c.CachingDelegateEncryptablePropertySource - [refresh,55] - Property Source random refreshed
16:02:11.070 [restartedMain] INFO  c.u.j.c.CachingDelegateEncryptablePropertySource - [refresh,55] - Property Source Config resource 'class path resource [application-dev.yml]' via location 'optional:classpath:/' refreshed
16:02:11.070 [restartedMain] INFO  c.u.j.c.CachingDelegateEncryptablePropertySource - [refresh,55] - Property Source Config resource 'class path resource [application.yml]' via location 'optional:classpath:/' refreshed
16:02:11.071 [restartedMain] INFO  c.u.j.c.CachingDelegateEncryptablePropertySource - [refresh,55] - Property Source devtools refreshed
16:02:11.071 [restartedMain] INFO  c.u.j.c.CachingDelegateEncryptablePropertySource - [refresh,55] - Property Source class path resource [generator.yml] refreshed
16:02:11.071 [restartedMain] INFO  c.u.j.EncryptablePropertySourceConverter - [makeEncryptable,81] - Converting PropertySource server.ports [org.springframework.core.env.MapPropertySource] to EncryptableMapPropertySourceWrapper
16:02:11.071 [restartedMain] INFO  c.u.j.EncryptablePropertySourceConverter - [makeEncryptable,76] - Skipping PropertySource configurationProperties [class org.springframework.boot.context.properties.source.ConfigurationPropertySourcesPropertySource
16:02:11.072 [restartedMain] INFO  c.u.j.EncryptablePropertySourceConverter - [makeEncryptable,76] - Skipping PropertySource servletConfigInitParams [class org.springframework.core.env.PropertySource$StubPropertySource
16:02:11.073 [restartedMain] INFO  c.u.j.EncryptablePropertySourceConverter - [makeEncryptable,81] - Converting PropertySource servletContextInitParams [org.springframework.web.context.support.ServletContextPropertySource] to EncryptableEnumerablePropertySourceWrapper
16:02:13.756 [restartedMain] INFO  o.q.c.QuartzScheduler - [start,547] - Scheduler quartzScheduler_$_NON_CLUSTERED started.
16:02:13.790 [restartedMain] INFO  c.r.RuoYiApplication - [logStarted,61] - Started RuoYiApplication in 44.693 seconds (JVM running for 50.709)
16:03:10.397 [http-nio-39001-exec-1] INFO  o.a.c.c.C.[.[.[/] - [log,173] - Initializing Spring DispatcherServlet 'dispatcherServlet'
16:03:16.246 [schedule-pool-1] INFO  sys-user - [run,52] - [127.0.0.1]内网IP[admin][Error][验证码错误]
16:03:21.013 [schedule-pool-1] INFO  sys-user - [run,52] - [127.0.0.1]内网IP[admin][Success][登录成功]
16:05:41.968 [Thread-41] INFO  o.q.c.QuartzScheduler - [standby,585] - Scheduler quartzScheduler_$_NON_CLUSTERED paused.
16:05:45.891 [Thread-41] INFO  o.q.c.QuartzScheduler - [shutdown,666] - Scheduler quartzScheduler_$_NON_CLUSTERED shutting down.
16:05:45.892 [Thread-41] INFO  o.q.c.QuartzScheduler - [standby,585] - Scheduler quartzScheduler_$_NON_CLUSTERED paused.
16:05:45.893 [Thread-41] INFO  o.q.c.QuartzScheduler - [shutdown,740] - Scheduler quartzScheduler_$_NON_CLUSTERED shutdown complete.
16:05:45.893 [Thread-41] INFO  sys-user - [shutdownAsyncManager,28] - ====关闭后台任务任务线程池====
16:05:45.900 [Thread-41] INFO  c.a.d.p.DruidDataSource - [close,2051] - {dataSource-1} closing ...
16:05:45.917 [Thread-41] INFO  c.a.d.p.DruidDataSource - [close,2124] - {dataSource-1} closed
16:05:46.884 [restartedMain] INFO  c.r.RuoYiApplication - [logStarting,55] - Starting RuoYiApplication using Java 1.8.0_181 on PC-201905242354 with PID 19524 (D:\Java\Project\jgckServer\ruoyi-admin\target\classes started by Administrator in D:\Java\Project\jgckServer)
16:05:46.884 [restartedMain] INFO  c.r.RuoYiApplication - [logStartupProfileInfo,686] - The following 1 profile is active: "dev"
16:05:49.447 [restartedMain] INFO  c.u.j.c.EnableEncryptablePropertiesBeanFactoryPostProcessor - [postProcessBeanFactory,40] - Post-processing PropertySource instances
16:05:49.447 [restartedMain] INFO  c.u.j.EncryptablePropertySourceConverter - [makeEncryptable,76] - Skipping PropertySource configurationProperties [class org.springframework.boot.context.properties.source.ConfigurationPropertySourcesPropertySource
16:05:49.447 [restartedMain] INFO  c.u.j.EncryptablePropertySourceConverter - [makeEncryptable,76] - Skipping PropertySource servletConfigInitParams [class org.springframework.core.env.PropertySource$StubPropertySource
16:05:49.447 [restartedMain] INFO  c.u.j.EncryptablePropertySourceConverter - [makeEncryptable,76] - Skipping PropertySource servletContextInitParams [class org.springframework.core.env.PropertySource$StubPropertySource
16:05:49.447 [restartedMain] INFO  c.u.j.EncryptablePropertySourceConverter - [makeEncryptable,81] - Converting PropertySource systemProperties [org.springframework.core.env.PropertiesPropertySource] to EncryptableMapPropertySourceWrapper
16:05:49.447 [restartedMain] INFO  c.u.j.EncryptablePropertySourceConverter - [makeEncryptable,81] - Converting PropertySource systemEnvironment [org.springframework.boot.env.SystemEnvironmentPropertySourceEnvironmentPostProcessor$OriginAwareSystemEnvironmentPropertySource] to EncryptableSystemEnvironmentPropertySourceWrapper
16:05:49.448 [restartedMain] INFO  c.u.j.EncryptablePropertySourceConverter - [makeEncryptable,81] - Converting PropertySource random [org.springframework.boot.env.RandomValuePropertySource] to EncryptablePropertySourceWrapper
16:05:49.448 [restartedMain] INFO  c.u.j.EncryptablePropertySourceConverter - [makeEncryptable,81] - Converting PropertySource Config resource 'class path resource [application-dev.yml]' via location 'optional:classpath:/' [org.springframework.boot.env.OriginTrackedMapPropertySource] to EncryptableMapPropertySourceWrapper
16:05:49.448 [restartedMain] INFO  c.u.j.EncryptablePropertySourceConverter - [makeEncryptable,81] - Converting PropertySource Config resource 'class path resource [application.yml]' via location 'optional:classpath:/' [org.springframework.boot.env.OriginTrackedMapPropertySource] to EncryptableMapPropertySourceWrapper
16:05:49.448 [restartedMain] INFO  c.u.j.EncryptablePropertySourceConverter - [makeEncryptable,81] - Converting PropertySource devtools [org.springframework.core.env.MapPropertySource] to EncryptableMapPropertySourceWrapper
16:05:49.448 [restartedMain] INFO  c.u.j.EncryptablePropertySourceConverter - [makeEncryptable,81] - Converting PropertySource class path resource [generator.yml] [org.springframework.core.io.support.ResourcePropertySource] to EncryptableMapPropertySourceWrapper
16:05:49.554 [restartedMain] INFO  c.u.j.f.DefaultLazyPropertyFilter - [lambda$new$2,31] - Property Filter custom Bean not found with name 'encryptablePropertyFilter'. Initializing Default Property Filter
16:05:49.559 [restartedMain] INFO  c.u.j.r.DefaultLazyPropertyResolver - [lambda$new$2,35] - Property Resolver custom Bean not found with name 'encryptablePropertyResolver'. Initializing Default Property Resolver
16:05:49.559 [restartedMain] INFO  c.u.j.d.DefaultLazyPropertyDetector - [lambda$new$2,35] - Property Detector custom Bean not found with name 'encryptablePropertyDetector'. Initializing Default Property Detector
16:05:49.816 [restartedMain] INFO  o.a.c.c.AprLifecycleListener - [log,173] - An older version [1.2.24] of the Apache Tomcat Native library is installed, while Tomcat recommends a minimum version of [1.2.30]
16:05:49.817 [restartedMain] INFO  o.a.c.c.AprLifecycleListener - [log,173] - Loaded Apache Tomcat Native library [1.2.24] using APR version [1.7.0].
16:05:49.817 [restartedMain] INFO  o.a.c.c.AprLifecycleListener - [log,173] - APR capabilities: IPv6 [true], sendfile [true], accept filters [false], random [true], UDS [false].
16:05:49.817 [restartedMain] INFO  o.a.c.c.AprLifecycleListener - [log,173] - APR/OpenSSL configuration: useAprConnector [false], useOpenSSL [true]
16:05:49.817 [restartedMain] INFO  o.a.c.c.AprLifecycleListener - [log,173] - OpenSSL successfully initialized [OpenSSL 1.1.1g  21 Apr 2020]
16:05:49.818 [restartedMain] INFO  o.a.c.h.Http11NioProtocol - [log,173] - Initializing ProtocolHandler ["http-nio-39001"]
16:05:49.818 [restartedMain] INFO  o.a.c.c.StandardService - [log,173] - Starting service [Tomcat]
16:05:49.818 [restartedMain] INFO  o.a.c.c.StandardEngine - [log,173] - Starting Servlet engine: [Apache Tomcat/9.0.63]
16:05:49.845 [restartedMain] INFO  o.a.c.c.C.[.[.[/] - [log,173] - Initializing Spring embedded WebApplicationContext
16:05:50.330 [restartedMain] INFO  c.u.j.e.DefaultLazyEncryptor - [lambda$new$2,37] - String Encryptor custom Bean not found with name 'jasyptStringEncryptor'. Initializing Default String Encryptor
16:05:50.333 [restartedMain] INFO  c.u.j.c.StringEncryptorBuilder - [get,102] - Encryptor config not found for property jasypt.encryptor.key-obtention-iterations, using default value: 1000
16:05:50.333 [restartedMain] INFO  c.u.j.c.StringEncryptorBuilder - [get,102] - Encryptor config not found for property jasypt.encryptor.pool-size, using default value: 1
16:05:50.334 [restartedMain] INFO  c.u.j.c.StringEncryptorBuilder - [get,102] - Encryptor config not found for property jasypt.encryptor.provider-name, using default value: null
16:05:50.334 [restartedMain] INFO  c.u.j.c.StringEncryptorBuilder - [get,102] - Encryptor config not found for property jasypt.encryptor.provider-class-name, using default value: null
16:05:50.334 [restartedMain] INFO  c.u.j.c.StringEncryptorBuilder - [get,102] - Encryptor config not found for property jasypt.encryptor.salt-generator-classname, using default value: org.jasypt.salt.RandomSaltGenerator
16:05:50.335 [restartedMain] INFO  c.u.j.c.StringEncryptorBuilder - [get,102] - Encryptor config not found for property jasypt.encryptor.string-output-type, using default value: base64
16:05:53.786 [restartedMain] INFO  c.a.d.p.DruidDataSource - [init,972] - {dataSource-2} inited
16:05:55.233 [restartedMain] INFO  o.q.i.StdSchedulerFactory - [instantiate,1220] - Using default implementation for ThreadExecutor
16:05:55.235 [restartedMain] INFO  o.q.c.SchedulerSignalerImpl - [<init>,61] - Initialized Scheduler Signaller of type: class org.quartz.core.SchedulerSignalerImpl
16:05:55.235 [restartedMain] INFO  o.q.c.QuartzScheduler - [<init>,229] - Quartz Scheduler v.2.3.2 created.
16:05:55.236 [restartedMain] INFO  o.q.s.RAMJobStore - [initialize,155] - RAMJobStore initialized.
16:05:55.236 [restartedMain] INFO  o.q.c.QuartzScheduler - [initialize,294] - Scheduler meta-data: Quartz Scheduler (v2.3.2) 'quartzScheduler' with instanceId 'NON_CLUSTERED'
  Scheduler class: 'org.quartz.core.QuartzScheduler' - running locally.
  NOT STARTED.
  Currently in standby mode.
  Number of jobs executed: 0
  Using thread pool 'org.quartz.simpl.SimpleThreadPool' - with 10 threads.
  Using job-store 'org.quartz.simpl.RAMJobStore' - which does not support persistence. and is not clustered.

16:05:55.236 [restartedMain] INFO  o.q.i.StdSchedulerFactory - [instantiate,1374] - Quartz scheduler 'quartzScheduler' initialized from an externally provided properties instance.
16:05:55.237 [restartedMain] INFO  o.q.i.StdSchedulerFactory - [instantiate,1378] - Quartz scheduler version: 2.3.2
16:05:55.237 [restartedMain] INFO  o.q.c.QuartzScheduler - [setJobFactory,2293] - JobFactory set to: org.springframework.scheduling.quartz.SpringBeanJobFactory@7e2294b
16:05:59.234 [restartedMain] INFO  o.a.c.h.Http11NioProtocol - [log,173] - Starting ProtocolHandler ["http-nio-39001"]
16:05:59.258 [restartedMain] INFO  c.u.j.c.RefreshScopeRefreshedEventListener - [onApplicationEvent,47] - Refreshing cached encryptable property sources on ServletWebServerInitializedEvent
16:05:59.259 [restartedMain] INFO  c.u.j.c.CachingDelegateEncryptablePropertySource - [refresh,55] - Property Source systemProperties refreshed
16:05:59.259 [restartedMain] INFO  c.u.j.c.CachingDelegateEncryptablePropertySource - [refresh,55] - Property Source systemEnvironment refreshed
16:05:59.259 [restartedMain] INFO  c.u.j.c.CachingDelegateEncryptablePropertySource - [refresh,55] - Property Source random refreshed
16:05:59.259 [restartedMain] INFO  c.u.j.c.CachingDelegateEncryptablePropertySource - [refresh,55] - Property Source Config resource 'class path resource [application-dev.yml]' via location 'optional:classpath:/' refreshed
16:05:59.259 [restartedMain] INFO  c.u.j.c.CachingDelegateEncryptablePropertySource - [refresh,55] - Property Source Config resource 'class path resource [application.yml]' via location 'optional:classpath:/' refreshed
16:05:59.260 [restartedMain] INFO  c.u.j.c.CachingDelegateEncryptablePropertySource - [refresh,55] - Property Source devtools refreshed
16:05:59.260 [restartedMain] INFO  c.u.j.c.CachingDelegateEncryptablePropertySource - [refresh,55] - Property Source class path resource [generator.yml] refreshed
16:05:59.260 [restartedMain] INFO  c.u.j.EncryptablePropertySourceConverter - [makeEncryptable,81] - Converting PropertySource server.ports [org.springframework.core.env.MapPropertySource] to EncryptableMapPropertySourceWrapper
16:05:59.260 [restartedMain] INFO  c.u.j.EncryptablePropertySourceConverter - [makeEncryptable,76] - Skipping PropertySource configurationProperties [class org.springframework.boot.context.properties.source.ConfigurationPropertySourcesPropertySource
16:05:59.260 [restartedMain] INFO  c.u.j.EncryptablePropertySourceConverter - [makeEncryptable,76] - Skipping PropertySource servletConfigInitParams [class org.springframework.core.env.PropertySource$StubPropertySource
16:05:59.261 [restartedMain] INFO  c.u.j.EncryptablePropertySourceConverter - [makeEncryptable,81] - Converting PropertySource servletContextInitParams [org.springframework.web.context.support.ServletContextPropertySource] to EncryptableEnumerablePropertySourceWrapper
16:06:00.167 [restartedMain] INFO  o.q.c.QuartzScheduler - [start,547] - Scheduler quartzScheduler_$_NON_CLUSTERED started.
16:06:00.174 [restartedMain] INFO  c.r.RuoYiApplication - [logStarted,61] - Started RuoYiApplication in 13.429 seconds (JVM running for 277.093)
16:06:00.659 [Thread-51] INFO  o.q.c.QuartzScheduler - [standby,585] - Scheduler quartzScheduler_$_NON_CLUSTERED paused.
16:06:02.372 [Thread-51] INFO  o.q.c.QuartzScheduler - [shutdown,666] - Scheduler quartzScheduler_$_NON_CLUSTERED shutting down.
16:06:02.372 [Thread-51] INFO  o.q.c.QuartzScheduler - [standby,585] - Scheduler quartzScheduler_$_NON_CLUSTERED paused.
16:06:02.372 [Thread-51] INFO  o.q.c.QuartzScheduler - [shutdown,740] - Scheduler quartzScheduler_$_NON_CLUSTERED shutdown complete.
16:06:02.373 [Thread-51] INFO  sys-user - [shutdownAsyncManager,28] - ====关闭后台任务任务线程池====
16:06:02.378 [Thread-51] INFO  c.a.d.p.DruidDataSource - [close,2051] - {dataSource-2} closing ...
16:06:02.381 [Thread-51] INFO  c.a.d.p.DruidDataSource - [close,2124] - {dataSource-2} closed
16:06:03.242 [restartedMain] INFO  c.r.RuoYiApplication - [logStarting,55] - Starting RuoYiApplication using Java 1.8.0_181 on PC-201905242354 with PID 19524 (D:\Java\Project\jgckServer\ruoyi-admin\target\classes started by Administrator in D:\Java\Project\jgckServer)
16:06:03.243 [restartedMain] INFO  c.r.RuoYiApplication - [logStartupProfileInfo,686] - The following 1 profile is active: "dev"
16:06:04.562 [restartedMain] INFO  c.u.j.c.EnableEncryptablePropertiesBeanFactoryPostProcessor - [postProcessBeanFactory,40] - Post-processing PropertySource instances
16:06:04.562 [restartedMain] INFO  c.u.j.EncryptablePropertySourceConverter - [makeEncryptable,76] - Skipping PropertySource configurationProperties [class org.springframework.boot.context.properties.source.ConfigurationPropertySourcesPropertySource
16:06:04.563 [restartedMain] INFO  c.u.j.EncryptablePropertySourceConverter - [makeEncryptable,76] - Skipping PropertySource servletConfigInitParams [class org.springframework.core.env.PropertySource$StubPropertySource
16:06:04.563 [restartedMain] INFO  c.u.j.EncryptablePropertySourceConverter - [makeEncryptable,76] - Skipping PropertySource servletContextInitParams [class org.springframework.core.env.PropertySource$StubPropertySource
16:06:04.563 [restartedMain] INFO  c.u.j.EncryptablePropertySourceConverter - [makeEncryptable,81] - Converting PropertySource systemProperties [org.springframework.core.env.PropertiesPropertySource] to EncryptableMapPropertySourceWrapper
16:06:04.563 [restartedMain] INFO  c.u.j.EncryptablePropertySourceConverter - [makeEncryptable,81] - Converting PropertySource systemEnvironment [org.springframework.boot.env.SystemEnvironmentPropertySourceEnvironmentPostProcessor$OriginAwareSystemEnvironmentPropertySource] to EncryptableSystemEnvironmentPropertySourceWrapper
16:06:04.563 [restartedMain] INFO  c.u.j.EncryptablePropertySourceConverter - [makeEncryptable,81] - Converting PropertySource random [org.springframework.boot.env.RandomValuePropertySource] to EncryptablePropertySourceWrapper
16:06:04.563 [restartedMain] INFO  c.u.j.EncryptablePropertySourceConverter - [makeEncryptable,81] - Converting PropertySource Config resource 'class path resource [application-dev.yml]' via location 'optional:classpath:/' [org.springframework.boot.env.OriginTrackedMapPropertySource] to EncryptableMapPropertySourceWrapper
16:06:04.563 [restartedMain] INFO  c.u.j.EncryptablePropertySourceConverter - [makeEncryptable,81] - Converting PropertySource Config resource 'class path resource [application.yml]' via location 'optional:classpath:/' [org.springframework.boot.env.OriginTrackedMapPropertySource] to EncryptableMapPropertySourceWrapper
16:06:04.563 [restartedMain] INFO  c.u.j.EncryptablePropertySourceConverter - [makeEncryptable,81] - Converting PropertySource devtools [org.springframework.core.env.MapPropertySource] to EncryptableMapPropertySourceWrapper
16:06:04.563 [restartedMain] INFO  c.u.j.EncryptablePropertySourceConverter - [makeEncryptable,81] - Converting PropertySource class path resource [generator.yml] [org.springframework.core.io.support.ResourcePropertySource] to EncryptableMapPropertySourceWrapper
16:06:04.830 [restartedMain] INFO  c.u.j.f.DefaultLazyPropertyFilter - [lambda$new$2,31] - Property Filter custom Bean not found with name 'encryptablePropertyFilter'. Initializing Default Property Filter
16:06:04.840 [restartedMain] INFO  c.u.j.r.DefaultLazyPropertyResolver - [lambda$new$2,35] - Property Resolver custom Bean not found with name 'encryptablePropertyResolver'. Initializing Default Property Resolver
16:06:04.841 [restartedMain] INFO  c.u.j.d.DefaultLazyPropertyDetector - [lambda$new$2,35] - Property Detector custom Bean not found with name 'encryptablePropertyDetector'. Initializing Default Property Detector
16:06:05.555 [restartedMain] INFO  o.a.c.c.AprLifecycleListener - [log,173] - An older version [1.2.24] of the Apache Tomcat Native library is installed, while Tomcat recommends a minimum version of [1.2.30]
16:06:05.559 [restartedMain] INFO  o.a.c.c.AprLifecycleListener - [log,173] - Loaded Apache Tomcat Native library [1.2.24] using APR version [1.7.0].
16:06:05.559 [restartedMain] INFO  o.a.c.c.AprLifecycleListener - [log,173] - APR capabilities: IPv6 [true], sendfile [true], accept filters [false], random [true], UDS [false].
16:06:05.559 [restartedMain] INFO  o.a.c.c.AprLifecycleListener - [log,173] - APR/OpenSSL configuration: useAprConnector [false], useOpenSSL [true]
16:06:05.560 [restartedMain] INFO  o.a.c.c.AprLifecycleListener - [log,173] - OpenSSL successfully initialized [OpenSSL 1.1.1g  21 Apr 2020]
16:06:05.561 [restartedMain] INFO  o.a.c.h.Http11NioProtocol - [log,173] - Initializing ProtocolHandler ["http-nio-39001"]
16:06:05.561 [restartedMain] INFO  o.a.c.c.StandardService - [log,173] - Starting service [Tomcat]
16:06:05.562 [restartedMain] INFO  o.a.c.c.StandardEngine - [log,173] - Starting Servlet engine: [Apache Tomcat/9.0.63]
16:06:05.648 [restartedMain] INFO  o.a.c.c.C.[.[.[/] - [log,173] - Initializing Spring embedded WebApplicationContext
16:06:07.563 [restartedMain] INFO  c.u.j.e.DefaultLazyEncryptor - [lambda$new$2,37] - String Encryptor custom Bean not found with name 'jasyptStringEncryptor'. Initializing Default String Encryptor
16:06:07.573 [restartedMain] INFO  c.u.j.c.StringEncryptorBuilder - [get,102] - Encryptor config not found for property jasypt.encryptor.key-obtention-iterations, using default value: 1000
16:06:07.574 [restartedMain] INFO  c.u.j.c.StringEncryptorBuilder - [get,102] - Encryptor config not found for property jasypt.encryptor.pool-size, using default value: 1
16:06:07.574 [restartedMain] INFO  c.u.j.c.StringEncryptorBuilder - [get,102] - Encryptor config not found for property jasypt.encryptor.provider-name, using default value: null
16:06:07.575 [restartedMain] INFO  c.u.j.c.StringEncryptorBuilder - [get,102] - Encryptor config not found for property jasypt.encryptor.provider-class-name, using default value: null
16:06:07.575 [restartedMain] INFO  c.u.j.c.StringEncryptorBuilder - [get,102] - Encryptor config not found for property jasypt.encryptor.salt-generator-classname, using default value: org.jasypt.salt.RandomSaltGenerator
16:06:07.577 [restartedMain] INFO  c.u.j.c.StringEncryptorBuilder - [get,102] - Encryptor config not found for property jasypt.encryptor.string-output-type, using default value: base64
16:06:12.626 [restartedMain] INFO  c.a.d.p.DruidDataSource - [init,972] - {dataSource-3} inited
16:06:14.255 [restartedMain] INFO  o.q.i.StdSchedulerFactory - [instantiate,1220] - Using default implementation for ThreadExecutor
16:06:14.258 [restartedMain] INFO  o.q.c.SchedulerSignalerImpl - [<init>,61] - Initialized Scheduler Signaller of type: class org.quartz.core.SchedulerSignalerImpl
16:06:14.259 [restartedMain] INFO  o.q.c.QuartzScheduler - [<init>,229] - Quartz Scheduler v.2.3.2 created.
16:06:14.259 [restartedMain] INFO  o.q.s.RAMJobStore - [initialize,155] - RAMJobStore initialized.
16:06:14.260 [restartedMain] INFO  o.q.c.QuartzScheduler - [initialize,294] - Scheduler meta-data: Quartz Scheduler (v2.3.2) 'quartzScheduler' with instanceId 'NON_CLUSTERED'
  Scheduler class: 'org.quartz.core.QuartzScheduler' - running locally.
  NOT STARTED.
  Currently in standby mode.
  Number of jobs executed: 0
  Using thread pool 'org.quartz.simpl.SimpleThreadPool' - with 10 threads.
  Using job-store 'org.quartz.simpl.RAMJobStore' - which does not support persistence. and is not clustered.

16:06:14.261 [restartedMain] INFO  o.q.i.StdSchedulerFactory - [instantiate,1374] - Quartz scheduler 'quartzScheduler' initialized from an externally provided properties instance.
16:06:14.261 [restartedMain] INFO  o.q.i.StdSchedulerFactory - [instantiate,1378] - Quartz scheduler version: 2.3.2
16:06:14.261 [restartedMain] INFO  o.q.c.QuartzScheduler - [setJobFactory,2293] - JobFactory set to: org.springframework.scheduling.quartz.SpringBeanJobFactory@b23b79c
16:06:16.645 [restartedMain] INFO  o.a.c.h.Http11NioProtocol - [log,173] - Starting ProtocolHandler ["http-nio-39001"]
16:06:16.657 [restartedMain] INFO  c.u.j.c.RefreshScopeRefreshedEventListener - [onApplicationEvent,47] - Refreshing cached encryptable property sources on ServletWebServerInitializedEvent
16:06:16.657 [restartedMain] INFO  c.u.j.c.CachingDelegateEncryptablePropertySource - [refresh,55] - Property Source systemProperties refreshed
16:06:16.658 [restartedMain] INFO  c.u.j.c.CachingDelegateEncryptablePropertySource - [refresh,55] - Property Source systemEnvironment refreshed
16:06:16.658 [restartedMain] INFO  c.u.j.c.CachingDelegateEncryptablePropertySource - [refresh,55] - Property Source random refreshed
16:06:16.658 [restartedMain] INFO  c.u.j.c.CachingDelegateEncryptablePropertySource - [refresh,55] - Property Source Config resource 'class path resource [application-dev.yml]' via location 'optional:classpath:/' refreshed
16:06:16.658 [restartedMain] INFO  c.u.j.c.CachingDelegateEncryptablePropertySource - [refresh,55] - Property Source Config resource 'class path resource [application.yml]' via location 'optional:classpath:/' refreshed
16:06:16.658 [restartedMain] INFO  c.u.j.c.CachingDelegateEncryptablePropertySource - [refresh,55] - Property Source devtools refreshed
16:06:16.658 [restartedMain] INFO  c.u.j.c.CachingDelegateEncryptablePropertySource - [refresh,55] - Property Source class path resource [generator.yml] refreshed
16:06:16.658 [restartedMain] INFO  c.u.j.EncryptablePropertySourceConverter - [makeEncryptable,81] - Converting PropertySource server.ports [org.springframework.core.env.MapPropertySource] to EncryptableMapPropertySourceWrapper
16:06:16.658 [restartedMain] INFO  c.u.j.EncryptablePropertySourceConverter - [makeEncryptable,76] - Skipping PropertySource configurationProperties [class org.springframework.boot.context.properties.source.ConfigurationPropertySourcesPropertySource
16:06:16.658 [restartedMain] INFO  c.u.j.EncryptablePropertySourceConverter - [makeEncryptable,76] - Skipping PropertySource servletConfigInitParams [class org.springframework.core.env.PropertySource$StubPropertySource
16:06:16.658 [restartedMain] INFO  c.u.j.EncryptablePropertySourceConverter - [makeEncryptable,81] - Converting PropertySource servletContextInitParams [org.springframework.web.context.support.ServletContextPropertySource] to EncryptableEnumerablePropertySourceWrapper
16:06:17.222 [restartedMain] INFO  o.q.c.QuartzScheduler - [start,547] - Scheduler quartzScheduler_$_NON_CLUSTERED started.
16:06:17.226 [restartedMain] INFO  c.r.RuoYiApplication - [logStarted,61] - Started RuoYiApplication in 14.094 seconds (JVM running for 294.147)
16:06:18.110 [Thread-55] INFO  o.q.c.QuartzScheduler - [standby,585] - Scheduler quartzScheduler_$_NON_CLUSTERED paused.
16:06:19.744 [Thread-55] INFO  o.q.c.QuartzScheduler - [shutdown,666] - Scheduler quartzScheduler_$_NON_CLUSTERED shutting down.
16:06:19.744 [Thread-55] INFO  o.q.c.QuartzScheduler - [standby,585] - Scheduler quartzScheduler_$_NON_CLUSTERED paused.
16:06:19.744 [Thread-55] INFO  o.q.c.QuartzScheduler - [shutdown,740] - Scheduler quartzScheduler_$_NON_CLUSTERED shutdown complete.
16:06:19.745 [Thread-55] INFO  sys-user - [shutdownAsyncManager,28] - ====关闭后台任务任务线程池====
16:06:19.749 [Thread-55] INFO  c.a.d.p.DruidDataSource - [close,2051] - {dataSource-3} closing ...
16:06:19.752 [Thread-55] INFO  c.a.d.p.DruidDataSource - [close,2124] - {dataSource-3} closed
16:06:20.490 [restartedMain] INFO  c.r.RuoYiApplication - [logStarting,55] - Starting RuoYiApplication using Java 1.8.0_181 on PC-201905242354 with PID 19524 (D:\Java\Project\jgckServer\ruoyi-admin\target\classes started by Administrator in D:\Java\Project\jgckServer)
16:06:20.491 [restartedMain] INFO  c.r.RuoYiApplication - [logStartupProfileInfo,686] - The following 1 profile is active: "dev"
16:06:21.737 [restartedMain] INFO  c.u.j.c.EnableEncryptablePropertiesBeanFactoryPostProcessor - [postProcessBeanFactory,40] - Post-processing PropertySource instances
16:06:21.738 [restartedMain] INFO  c.u.j.EncryptablePropertySourceConverter - [makeEncryptable,76] - Skipping PropertySource configurationProperties [class org.springframework.boot.context.properties.source.ConfigurationPropertySourcesPropertySource
16:06:21.738 [restartedMain] INFO  c.u.j.EncryptablePropertySourceConverter - [makeEncryptable,76] - Skipping PropertySource servletConfigInitParams [class org.springframework.core.env.PropertySource$StubPropertySource
16:06:21.738 [restartedMain] INFO  c.u.j.EncryptablePropertySourceConverter - [makeEncryptable,76] - Skipping PropertySource servletContextInitParams [class org.springframework.core.env.PropertySource$StubPropertySource
16:06:21.738 [restartedMain] INFO  c.u.j.EncryptablePropertySourceConverter - [makeEncryptable,81] - Converting PropertySource systemProperties [org.springframework.core.env.PropertiesPropertySource] to EncryptableMapPropertySourceWrapper
16:06:21.738 [restartedMain] INFO  c.u.j.EncryptablePropertySourceConverter - [makeEncryptable,81] - Converting PropertySource systemEnvironment [org.springframework.boot.env.SystemEnvironmentPropertySourceEnvironmentPostProcessor$OriginAwareSystemEnvironmentPropertySource] to EncryptableSystemEnvironmentPropertySourceWrapper
16:06:21.738 [restartedMain] INFO  c.u.j.EncryptablePropertySourceConverter - [makeEncryptable,81] - Converting PropertySource random [org.springframework.boot.env.RandomValuePropertySource] to EncryptablePropertySourceWrapper
16:06:21.738 [restartedMain] INFO  c.u.j.EncryptablePropertySourceConverter - [makeEncryptable,81] - Converting PropertySource Config resource 'class path resource [application-dev.yml]' via location 'optional:classpath:/' [org.springframework.boot.env.OriginTrackedMapPropertySource] to EncryptableMapPropertySourceWrapper
16:06:21.738 [restartedMain] INFO  c.u.j.EncryptablePropertySourceConverter - [makeEncryptable,81] - Converting PropertySource Config resource 'class path resource [application.yml]' via location 'optional:classpath:/' [org.springframework.boot.env.OriginTrackedMapPropertySource] to EncryptableMapPropertySourceWrapper
16:06:21.739 [restartedMain] INFO  c.u.j.EncryptablePropertySourceConverter - [makeEncryptable,81] - Converting PropertySource devtools [org.springframework.core.env.MapPropertySource] to EncryptableMapPropertySourceWrapper
16:06:21.739 [restartedMain] INFO  c.u.j.EncryptablePropertySourceConverter - [makeEncryptable,81] - Converting PropertySource class path resource [generator.yml] [org.springframework.core.io.support.ResourcePropertySource] to EncryptableMapPropertySourceWrapper
16:06:21.824 [restartedMain] INFO  c.u.j.f.DefaultLazyPropertyFilter - [lambda$new$2,31] - Property Filter custom Bean not found with name 'encryptablePropertyFilter'. Initializing Default Property Filter
16:06:21.827 [restartedMain] INFO  c.u.j.r.DefaultLazyPropertyResolver - [lambda$new$2,35] - Property Resolver custom Bean not found with name 'encryptablePropertyResolver'. Initializing Default Property Resolver
16:06:21.828 [restartedMain] INFO  c.u.j.d.DefaultLazyPropertyDetector - [lambda$new$2,35] - Property Detector custom Bean not found with name 'encryptablePropertyDetector'. Initializing Default Property Detector
16:06:22.044 [restartedMain] INFO  o.a.c.c.AprLifecycleListener - [log,173] - An older version [1.2.24] of the Apache Tomcat Native library is installed, while Tomcat recommends a minimum version of [1.2.30]
16:06:22.044 [restartedMain] INFO  o.a.c.c.AprLifecycleListener - [log,173] - Loaded Apache Tomcat Native library [1.2.24] using APR version [1.7.0].
16:06:22.045 [restartedMain] INFO  o.a.c.c.AprLifecycleListener - [log,173] - APR capabilities: IPv6 [true], sendfile [true], accept filters [false], random [true], UDS [false].
16:06:22.045 [restartedMain] INFO  o.a.c.c.AprLifecycleListener - [log,173] - APR/OpenSSL configuration: useAprConnector [false], useOpenSSL [true]
16:06:22.045 [restartedMain] INFO  o.a.c.c.AprLifecycleListener - [log,173] - OpenSSL successfully initialized [OpenSSL 1.1.1g  21 Apr 2020]
16:06:22.045 [restartedMain] INFO  o.a.c.h.Http11NioProtocol - [log,173] - Initializing ProtocolHandler ["http-nio-39001"]
16:06:22.045 [restartedMain] INFO  o.a.c.c.StandardService - [log,173] - Starting service [Tomcat]
16:06:22.046 [restartedMain] INFO  o.a.c.c.StandardEngine - [log,173] - Starting Servlet engine: [Apache Tomcat/9.0.63]
16:06:22.071 [restartedMain] INFO  o.a.c.c.C.[.[.[/] - [log,173] - Initializing Spring embedded WebApplicationContext
16:06:22.512 [restartedMain] INFO  c.u.j.e.DefaultLazyEncryptor - [lambda$new$2,37] - String Encryptor custom Bean not found with name 'jasyptStringEncryptor'. Initializing Default String Encryptor
16:06:22.516 [restartedMain] INFO  c.u.j.c.StringEncryptorBuilder - [get,102] - Encryptor config not found for property jasypt.encryptor.key-obtention-iterations, using default value: 1000
16:06:22.517 [restartedMain] INFO  c.u.j.c.StringEncryptorBuilder - [get,102] - Encryptor config not found for property jasypt.encryptor.pool-size, using default value: 1
16:06:22.517 [restartedMain] INFO  c.u.j.c.StringEncryptorBuilder - [get,102] - Encryptor config not found for property jasypt.encryptor.provider-name, using default value: null
16:06:22.517 [restartedMain] INFO  c.u.j.c.StringEncryptorBuilder - [get,102] - Encryptor config not found for property jasypt.encryptor.provider-class-name, using default value: null
16:06:22.517 [restartedMain] INFO  c.u.j.c.StringEncryptorBuilder - [get,102] - Encryptor config not found for property jasypt.encryptor.salt-generator-classname, using default value: org.jasypt.salt.RandomSaltGenerator
16:06:22.518 [restartedMain] INFO  c.u.j.c.StringEncryptorBuilder - [get,102] - Encryptor config not found for property jasypt.encryptor.string-output-type, using default value: base64
16:06:25.599 [restartedMain] INFO  c.a.d.p.DruidDataSource - [init,972] - {dataSource-4} inited
16:06:26.776 [restartedMain] INFO  o.q.i.StdSchedulerFactory - [instantiate,1220] - Using default implementation for ThreadExecutor
16:06:26.777 [restartedMain] INFO  o.q.c.SchedulerSignalerImpl - [<init>,61] - Initialized Scheduler Signaller of type: class org.quartz.core.SchedulerSignalerImpl
16:06:26.777 [restartedMain] INFO  o.q.c.QuartzScheduler - [<init>,229] - Quartz Scheduler v.2.3.2 created.
16:06:26.777 [restartedMain] INFO  o.q.s.RAMJobStore - [initialize,155] - RAMJobStore initialized.
16:06:26.777 [restartedMain] INFO  o.q.c.QuartzScheduler - [initialize,294] - Scheduler meta-data: Quartz Scheduler (v2.3.2) 'quartzScheduler' with instanceId 'NON_CLUSTERED'
  Scheduler class: 'org.quartz.core.QuartzScheduler' - running locally.
  NOT STARTED.
  Currently in standby mode.
  Number of jobs executed: 0
  Using thread pool 'org.quartz.simpl.SimpleThreadPool' - with 10 threads.
  Using job-store 'org.quartz.simpl.RAMJobStore' - which does not support persistence. and is not clustered.

16:06:26.777 [restartedMain] INFO  o.q.i.StdSchedulerFactory - [instantiate,1374] - Quartz scheduler 'quartzScheduler' initialized from an externally provided properties instance.
16:06:26.778 [restartedMain] INFO  o.q.i.StdSchedulerFactory - [instantiate,1378] - Quartz scheduler version: 2.3.2
16:06:26.778 [restartedMain] INFO  o.q.c.QuartzScheduler - [setJobFactory,2293] - JobFactory set to: org.springframework.scheduling.quartz.SpringBeanJobFactory@286f8a13
16:06:29.121 [restartedMain] INFO  o.a.c.h.Http11NioProtocol - [log,173] - Starting ProtocolHandler ["http-nio-39001"]
16:06:29.135 [restartedMain] INFO  c.u.j.c.RefreshScopeRefreshedEventListener - [onApplicationEvent,47] - Refreshing cached encryptable property sources on ServletWebServerInitializedEvent
16:06:29.135 [restartedMain] INFO  c.u.j.c.CachingDelegateEncryptablePropertySource - [refresh,55] - Property Source systemProperties refreshed
16:06:29.135 [restartedMain] INFO  c.u.j.c.CachingDelegateEncryptablePropertySource - [refresh,55] - Property Source systemEnvironment refreshed
16:06:29.135 [restartedMain] INFO  c.u.j.c.CachingDelegateEncryptablePropertySource - [refresh,55] - Property Source random refreshed
16:06:29.135 [restartedMain] INFO  c.u.j.c.CachingDelegateEncryptablePropertySource - [refresh,55] - Property Source Config resource 'class path resource [application-dev.yml]' via location 'optional:classpath:/' refreshed
16:06:29.136 [restartedMain] INFO  c.u.j.c.CachingDelegateEncryptablePropertySource - [refresh,55] - Property Source Config resource 'class path resource [application.yml]' via location 'optional:classpath:/' refreshed
16:06:29.136 [restartedMain] INFO  c.u.j.c.CachingDelegateEncryptablePropertySource - [refresh,55] - Property Source devtools refreshed
16:06:29.136 [restartedMain] INFO  c.u.j.c.CachingDelegateEncryptablePropertySource - [refresh,55] - Property Source class path resource [generator.yml] refreshed
16:06:29.136 [restartedMain] INFO  c.u.j.EncryptablePropertySourceConverter - [makeEncryptable,81] - Converting PropertySource server.ports [org.springframework.core.env.MapPropertySource] to EncryptableMapPropertySourceWrapper
16:06:29.136 [restartedMain] INFO  c.u.j.EncryptablePropertySourceConverter - [makeEncryptable,76] - Skipping PropertySource configurationProperties [class org.springframework.boot.context.properties.source.ConfigurationPropertySourcesPropertySource
16:06:29.136 [restartedMain] INFO  c.u.j.EncryptablePropertySourceConverter - [makeEncryptable,76] - Skipping PropertySource servletConfigInitParams [class org.springframework.core.env.PropertySource$StubPropertySource
16:06:29.136 [restartedMain] INFO  c.u.j.EncryptablePropertySourceConverter - [makeEncryptable,81] - Converting PropertySource servletContextInitParams [org.springframework.web.context.support.ServletContextPropertySource] to EncryptableEnumerablePropertySourceWrapper
16:06:30.973 [restartedMain] INFO  o.q.c.QuartzScheduler - [start,547] - Scheduler quartzScheduler_$_NON_CLUSTERED started.
16:06:30.984 [restartedMain] INFO  c.r.RuoYiApplication - [logStarted,61] - Started RuoYiApplication in 10.578 seconds (JVM running for 307.903)
16:06:31.787 [http-nio-39001-exec-1] INFO  o.a.c.c.C.[.[.[/] - [log,173] - Initializing Spring DispatcherServlet 'dispatcherServlet'
